dev@devUbuntu:~/RustroverProjects/broken-app$ valgrind --leak-check=full cargo test --tests
==19402== Memcheck, a memory error detector
==19402== Copyright (C) 2002-2022, and GNU GPL'd, by Julian Seward et al.
==19402== Using Valgrind-3.22.0 and LibVEX; rerun with -h for copyright info
==19402== Command: cargo test --tests
==19402==
warning[E0133]: dereference of raw pointer is unsafe and requires unsafe block
  --> src/lib.rs:60:15
   |
60 |     let val = *raw;
   |               ^^^^ dereference of raw pointer
   |
   = note: for more information, see <https://doc.rust-lang.org/edition-guide/rust-2024/unsafe-op-in-unsafe-fn.html>
   = note: raw pointers may be null, dangling or unaligned; they can violate aliasing rules and cause data races: all of these are undefined behavior
note: an unsafe function restricts its caller, but its body is safe by default
  --> src/lib.rs:57:1
   |
57 | pub unsafe fn use_after_free() -> i32 {
   | ^^^^^^^^^^^^^^^^^^^^^^^^^^^^^^^^^^^^^
   = note: `#[warn(unsafe_op_in_unsafe_fn)]` (part of `#[warn(rust_2024_compatibility)]`) on by default

warning[E0133]: call to unsafe function `std::boxed::Box::<T>::from_raw` is unsafe and requires unsafe block
  --> src/lib.rs:61:10
   |
61 |     drop(Box::from_raw(raw));
   |          ^^^^^^^^^^^^^^^^^^ call to unsafe function
   |
   = note: for more information, see <https://doc.rust-lang.org/edition-guide/rust-2024/unsafe-op-in-unsafe-fn.html>
   = note: consult the function's documentation for information on how to avoid undefined behavior

warning[E0133]: dereference of raw pointer is unsafe and requires unsafe block
  --> src/lib.rs:62:11
   |
62 |     val + *raw
   |           ^^^^ dereference of raw pointer
   |
   = note: for more information, see <https://doc.rust-lang.org/edition-guide/rust-2024/unsafe-op-in-unsafe-fn.html>
   = note: raw pointers may be null, dangling or unaligned; they can violate aliasing rules and cause data races: all of these are undefined behavior

For more information about this error, try `rustc --explain E0133`.
warning: `broken-app` (lib) generated 3 warnings (run `cargo fix --lib -p broken-app` to apply 1 suggestion)
warning: `broken-app` (lib test) generated 3 warnings (3 duplicates)
    Finished `test` profile [unoptimized + debuginfo] target(s) in 0.08s
     Running unittests src/lib.rs (target/debug/deps/broken_app-4b4c56e4bca7ffdc)

running 0 tests

test result: ok. 0 passed; 0 failed; 0 ignored; 0 measured; 0 filtered out; finished in 0.00s

     Running unittests src/bin/demo.rs (target/debug/deps/demo-27787343a274ff45)

running 0 tests

test result: ok. 0 passed; 0 failed; 0 ignored; 0 measured; 0 filtered out; finished in 0.00s

     Running tests/integration.rs (target/debug/deps/integration-449c7a54edf49612)

running 6 tests
test averages_only_positive ... FAILED
test dedup_preserves_uniques ... ok
test fib_small_numbers ... ok
test counts_non_zero_bytes ... ok
test normalize_simple ... ok

thread 'sums_even_numbers' (19441) panicked at src/lib.rs:11:29:
unsafe precondition(s) violated: slice::get_unchecked requires that the index is within the slice

This indicates a bug in the program. This Undefined Behavior check is optional, and cannot be relied on for safety.
thread caused non-unwinding panic. aborting.
error: test failed, to rerun pass `--test integration`

Caused by:
  process didn't exit successfully: `/home/dev/RustroverProjects/broken-app/target/debug/deps/integration-449c7a54edf49612` (signal: 6, SIGABRT: process abort signal)